<?xml version="1.0" encoding="UTF-8"?>
<!-- Generated by org.testng.reporters.JUnitXMLReporter -->
<testsuite hostname="Prince" ignored="0" name="Default test" tests="2" failures="0" timestamp="23 Apr 2023 02:09:54 GMT" time="29.846" errors="0">
  <testcase name="verifyContactsPageLabel" time="0.096" classname="com.crm.qa.testcases.TC003_ContactsPageTest"/>
  <testcase name="validateCreateNewContact" time="0.0" classname="com.crm.qa.testcases.TC003_ContactsPageTest">
    <skipped/>
  </testcase> <!-- validateCreateNewContact -->
</testsuite> <!-- Default test -->
