<?xml version="1.0" encoding="UTF-8"?>
<!-- Generated by org.testng.reporters.JUnitXMLReporter -->
<testsuite hostname="Prince" ignored="0" name="Default test" tests="4" failures="0" timestamp="29 Apr 2023 19:37:12 GMT" time="121.935" errors="0">
  <testcase name="verifyContactsPageLabel" time="0.045" classname="com.crm.qa.testcases.TC003_ContactsPageTest"/>
  <testcase name="validateCreateNewContact" time="3.976" classname="com.crm.qa.testcases.TC003_ContactsPageTest"/>
  <testcase name="validateCreateNewContact" time="4.156" classname="com.crm.qa.testcases.TC003_ContactsPageTest"/>
  <testcase name="validateCreateNewContact" time="3.978" classname="com.crm.qa.testcases.TC003_ContactsPageTest"/>
</testsuite> <!-- Default test -->
