<?xml version="1.0" encoding="UTF-8"?>
<testng-results skipped="0" failed="0" ignored="0" total="4" passed="4">
  <reporter-output>
  </reporter-output>
  <suite name="Default suite" duration-ms="121935" started-at="2023-04-29T19:35:10Z" finished-at="2023-04-29T19:37:12Z">
    <groups>
    </groups>
    <test name="Default test" duration-ms="121935" started-at="2023-04-29T19:35:10Z" finished-at="2023-04-29T19:37:12Z">
      <class name="com.crm.qa.testcases.TC003_ContactsPageTest">
        <test-method status="PASS" signature="setUp()[pri:0, instance:com.crm.qa.testcases.TC003_ContactsPageTest@1c87521]" name="setUp" is-config="true" duration-ms="27124" started-at="2023-04-29T15:35:10Z" finished-at="2023-04-29T15:35:37Z">
          <reporter-output>
          </reporter-output>
        </test-method> <!-- setUp -->
        <test-method status="PASS" signature="verifyContactsPageLabel()[pri:1, instance:com.crm.qa.testcases.TC003_ContactsPageTest@1c87521]" name="verifyContactsPageLabel" duration-ms="45" started-at="2023-04-29T15:35:37Z" finished-at="2023-04-29T15:35:38Z">
          <reporter-output>
          </reporter-output>
        </test-method> <!-- verifyContactsPageLabel -->
        <test-method status="PASS" signature="tearDown()[pri:0, instance:com.crm.qa.testcases.TC003_ContactsPageTest@1c87521]" name="tearDown" is-config="true" duration-ms="637" started-at="2023-04-29T15:35:38Z" finished-at="2023-04-29T15:35:38Z">
          <reporter-output>
          </reporter-output>
        </test-method> <!-- tearDown -->
        <test-method status="PASS" signature="setUp()[pri:0, instance:com.crm.qa.testcases.TC003_ContactsPageTest@1c87521]" name="setUp" is-config="true" duration-ms="26474" started-at="2023-04-29T15:35:39Z" finished-at="2023-04-29T15:36:05Z">
          <reporter-output>
          </reporter-output>
        </test-method> <!-- setUp -->
        <test-method status="PASS" signature="validateCreateNewContact(java.lang.String, java.lang.String, java.lang.String, java.lang.String)[pri:4, instance:com.crm.qa.testcases.TC003_ContactsPageTest@1c87521]" name="validateCreateNewContact" duration-ms="3976" started-at="2023-04-29T15:36:05Z" data-provider="getCRMTestData" finished-at="2023-04-29T15:36:09Z">
          <params>
            <param index="0">
              <value>
                <![CDATA[Dr.]]>
              </value>
            </param>
            <param index="1">
              <value>
                <![CDATA[Sudhanshu]]>
              </value>
            </param>
            <param index="2">
              <value>
                <![CDATA[Nirbhay]]>
              </value>
            </param>
            <param index="3">
              <value>
                <![CDATA[SudhanshuAstro]]>
              </value>
            </param>
          </params>
          <reporter-output>
          </reporter-output>
        </test-method> <!-- validateCreateNewContact -->
        <test-method status="PASS" signature="tearDown()[pri:0, instance:com.crm.qa.testcases.TC003_ContactsPageTest@1c87521]" name="tearDown" is-config="true" duration-ms="657" started-at="2023-04-29T15:36:09Z" finished-at="2023-04-29T15:36:10Z">
          <reporter-output>
          </reporter-output>
        </test-method> <!-- tearDown -->
        <test-method status="PASS" signature="setUp()[pri:0, instance:com.crm.qa.testcases.TC003_ContactsPageTest@1c87521]" name="setUp" is-config="true" duration-ms="26523" started-at="2023-04-29T15:36:10Z" finished-at="2023-04-29T15:36:36Z">
          <reporter-output>
          </reporter-output>
        </test-method> <!-- setUp -->
        <test-method status="PASS" signature="validateCreateNewContact(java.lang.String, java.lang.String, java.lang.String, java.lang.String)[pri:4, instance:com.crm.qa.testcases.TC003_ContactsPageTest@1c87521]" name="validateCreateNewContact" duration-ms="4156" started-at="2023-04-29T15:36:36Z" data-provider="getCRMTestData" finished-at="2023-04-29T15:36:41Z">
          <params>
            <param index="0">
              <value>
                <![CDATA[Mr.]]>
              </value>
            </param>
            <param index="1">
              <value>
                <![CDATA[Mookad]]>
              </value>
            </param>
            <param index="2">
              <value>
                <![CDATA[Baba]]>
              </value>
            </param>
            <param index="3">
              <value>
                <![CDATA[Pro League]]>
              </value>
            </param>
          </params>
          <reporter-output>
          </reporter-output>
        </test-method> <!-- validateCreateNewContact -->
        <test-method status="PASS" signature="tearDown()[pri:0, instance:com.crm.qa.testcases.TC003_ContactsPageTest@1c87521]" name="tearDown" is-config="true" duration-ms="620" started-at="2023-04-29T15:36:41Z" finished-at="2023-04-29T15:36:41Z">
          <reporter-output>
          </reporter-output>
        </test-method> <!-- tearDown -->
        <test-method status="PASS" signature="setUp()[pri:0, instance:com.crm.qa.testcases.TC003_ContactsPageTest@1c87521]" name="setUp" is-config="true" duration-ms="26480" started-at="2023-04-29T15:36:41Z" finished-at="2023-04-29T15:37:08Z">
          <reporter-output>
          </reporter-output>
        </test-method> <!-- setUp -->
        <test-method status="PASS" signature="validateCreateNewContact(java.lang.String, java.lang.String, java.lang.String, java.lang.String)[pri:4, instance:com.crm.qa.testcases.TC003_ContactsPageTest@1c87521]" name="validateCreateNewContact" duration-ms="3978" started-at="2023-04-29T15:37:08Z" data-provider="getCRMTestData" finished-at="2023-04-29T15:37:12Z">
          <params>
            <param index="0">
              <value>
                <![CDATA[Mr.]]>
              </value>
            </param>
            <param index="1">
              <value>
                <![CDATA[Rupinder]]>
              </value>
            </param>
            <param index="2">
              <value>
                <![CDATA[Singh]]>
              </value>
            </param>
            <param index="3">
              <value>
                <![CDATA[R ETP.]]>
              </value>
            </param>
          </params>
          <reporter-output>
          </reporter-output>
        </test-method> <!-- validateCreateNewContact -->
        <test-method status="PASS" signature="tearDown()[pri:0, instance:com.crm.qa.testcases.TC003_ContactsPageTest@1c87521]" name="tearDown" is-config="true" duration-ms="621" started-at="2023-04-29T15:37:12Z" finished-at="2023-04-29T15:37:12Z">
          <reporter-output>
          </reporter-output>
        </test-method> <!-- tearDown -->
      </class> <!-- com.crm.qa.testcases.TC003_ContactsPageTest -->
    </test> <!-- Default test -->
  </suite> <!-- Default suite -->
</testng-results>
