<?xml version="1.0" encoding="UTF-8"?>
<testng-results skipped="0" failed="0" ignored="0" total="4" passed="4">
  <reporter-output>
  </reporter-output>
  <suite name="Default suite" duration-ms="126455" started-at="2023-04-25T03:13:04Z" finished-at="2023-04-25T03:15:10Z">
    <groups>
    </groups>
    <test name="Default test" duration-ms="126455" started-at="2023-04-25T03:13:04Z" finished-at="2023-04-25T03:15:10Z">
      <class name="com.crm.qa.testcases.TC003_ContactsPageTest">
        <test-method status="PASS" signature="setUp()[pri:0, instance:com.crm.qa.testcases.TC003_ContactsPageTest@1c87521]" name="setUp" is-config="true" duration-ms="28004" started-at="2023-04-24T23:13:04Z" finished-at="2023-04-24T23:13:32Z">
          <reporter-output>
          </reporter-output>
        </test-method> <!-- setUp -->
        <test-method status="PASS" signature="verifyContactsPageLabel()[pri:1, instance:com.crm.qa.testcases.TC003_ContactsPageTest@1c87521]" name="verifyContactsPageLabel" duration-ms="85" started-at="2023-04-24T23:13:32Z" finished-at="2023-04-24T23:13:32Z">
          <reporter-output>
          </reporter-output>
        </test-method> <!-- verifyContactsPageLabel -->
        <test-method status="PASS" signature="tearDown()[pri:0, instance:com.crm.qa.testcases.TC003_ContactsPageTest@1c87521]" name="tearDown" is-config="true" duration-ms="646" started-at="2023-04-24T23:13:32Z" finished-at="2023-04-24T23:13:33Z">
          <reporter-output>
          </reporter-output>
        </test-method> <!-- tearDown -->
        <test-method status="PASS" signature="setUp()[pri:0, instance:com.crm.qa.testcases.TC003_ContactsPageTest@1c87521]" name="setUp" is-config="true" duration-ms="28154" started-at="2023-04-24T23:13:33Z" finished-at="2023-04-24T23:14:01Z">
          <reporter-output>
          </reporter-output>
        </test-method> <!-- setUp -->
        <test-method status="PASS" signature="validateCreateNewContact(java.lang.String, java.lang.String, java.lang.String, java.lang.String)[pri:2, instance:com.crm.qa.testcases.TC003_ContactsPageTest@1c87521]" name="validateCreateNewContact" duration-ms="3992" started-at="2023-04-24T23:14:01Z" data-provider="getCRMTestData" finished-at="2023-04-24T23:14:05Z">
          <params>
            <param index="0">
              <value>
                <![CDATA[Mr.]]>
              </value>
            </param>
            <param index="1">
              <value>
                <![CDATA[Tom]]>
              </value>
            </param>
            <param index="2">
              <value>
                <![CDATA[Peter]]>
              </value>
            </param>
            <param index="3">
              <value>
                <![CDATA[Google]]>
              </value>
            </param>
          </params>
          <reporter-output>
          </reporter-output>
        </test-method> <!-- validateCreateNewContact -->
        <test-method status="PASS" signature="tearDown()[pri:0, instance:com.crm.qa.testcases.TC003_ContactsPageTest@1c87521]" name="tearDown" is-config="true" duration-ms="687" started-at="2023-04-24T23:14:05Z" finished-at="2023-04-24T23:14:06Z">
          <reporter-output>
          </reporter-output>
        </test-method> <!-- tearDown -->
        <test-method status="PASS" signature="setUp()[pri:0, instance:com.crm.qa.testcases.TC003_ContactsPageTest@1c87521]" name="setUp" is-config="true" duration-ms="27390" started-at="2023-04-24T23:14:06Z" finished-at="2023-04-24T23:14:33Z">
          <reporter-output>
          </reporter-output>
        </test-method> <!-- setUp -->
        <test-method status="PASS" signature="validateCreateNewContact(java.lang.String, java.lang.String, java.lang.String, java.lang.String)[pri:2, instance:com.crm.qa.testcases.TC003_ContactsPageTest@1c87521]" name="validateCreateNewContact" duration-ms="4397" started-at="2023-04-24T23:14:33Z" data-provider="getCRMTestData" finished-at="2023-04-24T23:14:38Z">
          <params>
            <param index="0">
              <value>
                <![CDATA[Dr.]]>
              </value>
            </param>
            <param index="1">
              <value>
                <![CDATA[David]]>
              </value>
            </param>
            <param index="2">
              <value>
                <![CDATA[Cris]]>
              </value>
            </param>
            <param index="3">
              <value>
                <![CDATA[Amazon]]>
              </value>
            </param>
          </params>
          <reporter-output>
          </reporter-output>
        </test-method> <!-- validateCreateNewContact -->
        <test-method status="PASS" signature="tearDown()[pri:0, instance:com.crm.qa.testcases.TC003_ContactsPageTest@1c87521]" name="tearDown" is-config="true" duration-ms="648" started-at="2023-04-24T23:14:38Z" finished-at="2023-04-24T23:14:38Z">
          <reporter-output>
          </reporter-output>
        </test-method> <!-- tearDown -->
        <test-method status="PASS" signature="setUp()[pri:0, instance:com.crm.qa.testcases.TC003_ContactsPageTest@1c87521]" name="setUp" is-config="true" duration-ms="27143" started-at="2023-04-24T23:14:38Z" finished-at="2023-04-24T23:15:06Z">
          <reporter-output>
          </reporter-output>
        </test-method> <!-- setUp -->
        <test-method status="PASS" signature="validateCreateNewContact(java.lang.String, java.lang.String, java.lang.String, java.lang.String)[pri:2, instance:com.crm.qa.testcases.TC003_ContactsPageTest@1c87521]" name="validateCreateNewContact" duration-ms="4088" started-at="2023-04-24T23:15:06Z" data-provider="getCRMTestData" finished-at="2023-04-24T23:15:10Z">
          <params>
            <param index="0">
              <value>
                <![CDATA[Mrs.]]>
              </value>
            </param>
            <param index="1">
              <value>
                <![CDATA[Mukta]]>
              </value>
            </param>
            <param index="2">
              <value>
                <![CDATA[Sharma]]>
              </value>
            </param>
            <param index="3">
              <value>
                <![CDATA[Ebay]]>
              </value>
            </param>
          </params>
          <reporter-output>
          </reporter-output>
        </test-method> <!-- validateCreateNewContact -->
        <test-method status="PASS" signature="tearDown()[pri:0, instance:com.crm.qa.testcases.TC003_ContactsPageTest@1c87521]" name="tearDown" is-config="true" duration-ms="667" started-at="2023-04-24T23:15:10Z" finished-at="2023-04-24T23:15:10Z">
          <reporter-output>
          </reporter-output>
        </test-method> <!-- tearDown -->
      </class> <!-- com.crm.qa.testcases.TC003_ContactsPageTest -->
    </test> <!-- Default test -->
  </suite> <!-- Default suite -->
</testng-results>
